<?xml version="1.0" encoding="UTF-8"?>
<testng-results skipped="0" failed="0" ignored="0" total="125" passed="125">
  <reporter-output>
  </reporter-output>
  <suite name="End to End Carina API Test_Nikita" duration-ms="33010" started-at="2020-02-08T06:11:01Z" finished-at="2020-02-08T06:11:34Z">
    <groups>
    </groups>
    <test name="E2E API Test" duration-ms="33010" started-at="2020-02-08T06:11:01Z" finished-at="2020-02-08T06:11:34Z">
      <class name="com.qaprosoft.carina.demo.ProposalSubmissionTest">
        <test-method status="PASS" signature="Proposal_Submission(java.lang.String, java.lang.String, java.lang.String, java.lang.String, java.lang.String, java.lang.String, java.lang.String, java.lang.String, java.lang.String, java.lang.String, java.lang.String)[pri:0, instance:com.qaprosoft.carina.demo.ProposalSubmissionTest@5e2a6991]" name="Proposal_Submission" duration-ms="13608" started-at="2020-02-08T06:11:03Z" description="Testing Policy Quote API" data-provider="DataProvider" finished-at="2020-02-08T06:11:17Z">
          <params>
            <param index="0">
              <value>
                <![CDATA[Test]]>
              </value>
            </param>
            <param index="1">
              <value>
                <![CDATA[Demo]]>
              </value>
            </param>
            <param index="2">
              <value is-null="true"/>
            </param>
            <param index="3">
              <value>
                <![CDATA[7776666667]]>
              </value>
            </param>
            <param index="4">
              <value>
                <![CDATA[PAN]]>
              </value>
            </param>
            <param index="5">
              <value>
                <![CDATA[married]]>
              </value>
            </param>
            <param index="6">
              <value>
                <![CDATA[Indian]]>
              </value>
            </param>
            <param index="7">
              <value>
                <![CDATA[200000]]>
              </value>
            </param>
            <param index="8">
              <value>
                <![CDATA[service]]>
              </value>
            </param>
            <param index="9">
              <value>
                <![CDATA[Child]]>
              </value>
            </param>
            <param index="10">
              <value>
                <![CDATA[500000]]>
              </value>
            </param>
          </params>
          <reporter-output>
          </reporter-output>
        </test-method> <!-- Proposal_Submission -->
        <test-method status="PASS" signature="Proposal_Submission(java.lang.String, java.lang.String, java.lang.String, java.lang.String, java.lang.String, java.lang.String, java.lang.String, java.lang.String, java.lang.String, java.lang.String, java.lang.String)[pri:0, instance:com.qaprosoft.carina.demo.ProposalSubmissionTest@5e2a6991]" name="Proposal_Submission" duration-ms="13665" started-at="2020-02-08T06:11:03Z" description="Testing Policy Quote API" data-provider="DataProvider" finished-at="2020-02-08T06:11:17Z">
          <params>
            <param index="0">
              <value>
                <![CDATA[Test]]>
              </value>
            </param>
            <param index="1">
              <value>
                <![CDATA[Demo]]>
              </value>
            </param>
            <param index="2">
              <value is-null="true"/>
            </param>
            <param index="3">
              <value>
                <![CDATA[7776666667]]>
              </value>
            </param>
            <param index="4">
              <value>
                <![CDATA[PAN]]>
              </value>
            </param>
            <param index="5">
              <value>
                <![CDATA[married]]>
              </value>
            </param>
            <param index="6">
              <value>
                <![CDATA[Indian]]>
              </value>
            </param>
            <param index="7">
              <value>
                <![CDATA[200000]]>
              </value>
            </param>
            <param index="8">
              <value>
                <![CDATA[service]]>
              </value>
            </param>
            <param index="9">
              <value>
                <![CDATA[Child]]>
              </value>
            </param>
            <param index="10">
              <value>
                <![CDATA[500000]]>
              </value>
            </param>
          </params>
          <reporter-output>
          </reporter-output>
        </test-method> <!-- Proposal_Submission -->
        <test-method status="PASS" signature="Proposal_Submission(java.lang.String, java.lang.String, java.lang.String, java.lang.String, java.lang.String, java.lang.String, java.lang.String, java.lang.String, java.lang.String, java.lang.String, java.lang.String)[pri:0, instance:com.qaprosoft.carina.demo.ProposalSubmissionTest@5e2a6991]" name="Proposal_Submission" duration-ms="13628" started-at="2020-02-08T06:11:03Z" description="Testing Policy Quote API" data-provider="DataProvider" finished-at="2020-02-08T06:11:17Z">
          <params>
            <param index="0">
              <value>
                <![CDATA[Test]]>
              </value>
            </param>
            <param index="1">
              <value>
                <![CDATA[Demo]]>
              </value>
            </param>
            <param index="2">
              <value is-null="true"/>
            </param>
            <param index="3">
              <value>
                <![CDATA[7776666667]]>
              </value>
            </param>
            <param index="4">
              <value>
                <![CDATA[PAN]]>
              </value>
            </param>
            <param index="5">
              <value>
                <![CDATA[married]]>
              </value>
            </param>
            <param index="6">
              <value>
                <![CDATA[Indian]]>
              </value>
            </param>
            <param index="7">
              <value>
                <![CDATA[200000]]>
              </value>
            </param>
            <param index="8">
              <value>
                <![CDATA[service]]>
              </value>
            </param>
            <param index="9">
              <value>
                <![CDATA[Child]]>
              </value>
            </param>
            <param index="10">
              <value>
                <![CDATA[500000]]>
              </value>
            </param>
          </params>
          <reporter-output>
          </reporter-output>
        </test-method> <!-- Proposal_Submission -->
        <test-method status="PASS" signature="Proposal_Submission(java.lang.String, java.lang.String, java.lang.String, java.lang.String, java.lang.String, java.lang.String, java.lang.String, java.lang.String, java.lang.String, java.lang.String, java.lang.String)[pri:0, instance:com.qaprosoft.carina.demo.ProposalSubmissionTest@5e2a6991]" name="Proposal_Submission" duration-ms="13652" started-at="2020-02-08T06:11:03Z" description="Testing Policy Quote API" data-provider="DataProvider" finished-at="2020-02-08T06:11:17Z">
          <params>
            <param index="0">
              <value>
                <![CDATA[Test]]>
              </value>
            </param>
            <param index="1">
              <value>
                <![CDATA[Demo]]>
              </value>
            </param>
            <param index="2">
              <value is-null="true"/>
            </param>
            <param index="3">
              <value>
                <![CDATA[7776666667]]>
              </value>
            </param>
            <param index="4">
              <value>
                <![CDATA[PAN]]>
              </value>
            </param>
            <param index="5">
              <value>
                <![CDATA[married]]>
              </value>
            </param>
            <param index="6">
              <value>
                <![CDATA[Indian]]>
              </value>
            </param>
            <param index="7">
              <value>
                <![CDATA[200000]]>
              </value>
            </param>
            <param index="8">
              <value>
                <![CDATA[service]]>
              </value>
            </param>
            <param index="9">
              <value>
                <![CDATA[Child]]>
              </value>
            </param>
            <param index="10">
              <value>
                <![CDATA[500000]]>
              </value>
            </param>
          </params>
          <reporter-output>
          </reporter-output>
        </test-method> <!-- Proposal_Submission -->
        <test-method status="PASS" signature="Proposal_Submission(java.lang.String, java.lang.String, java.lang.String, java.lang.String, java.lang.String, java.lang.String, java.lang.String, java.lang.String, java.lang.String, java.lang.String, java.lang.String)[pri:0, instance:com.qaprosoft.carina.demo.ProposalSubmissionTest@5e2a6991]" name="Proposal_Submission" duration-ms="13628" started-at="2020-02-08T06:11:03Z" description="Testing Policy Quote API" data-provider="DataProvider" finished-at="2020-02-08T06:11:17Z">
          <params>
            <param index="0">
              <value>
                <![CDATA[Test]]>
              </value>
            </param>
            <param index="1">
              <value>
                <![CDATA[Demo]]>
              </value>
            </param>
            <param index="2">
              <value is-null="true"/>
            </param>
            <param index="3">
              <value>
                <![CDATA[7776666667]]>
              </value>
            </param>
            <param index="4">
              <value>
                <![CDATA[PAN]]>
              </value>
            </param>
            <param index="5">
              <value>
                <![CDATA[married]]>
              </value>
            </param>
            <param index="6">
              <value>
                <![CDATA[Indian]]>
              </value>
            </param>
            <param index="7">
              <value>
                <![CDATA[200000]]>
              </value>
            </param>
            <param index="8">
              <value>
                <![CDATA[service]]>
              </value>
            </param>
            <param index="9">
              <value>
                <![CDATA[Child]]>
              </value>
            </param>
            <param index="10">
              <value>
                <![CDATA[500000]]>
              </value>
            </param>
          </params>
          <reporter-output>
          </reporter-output>
        </test-method> <!-- Proposal_Submission -->
        <test-method status="PASS" signature="Proposal_Submission(java.lang.String, java.lang.String, java.lang.String, java.lang.String, java.lang.String, java.lang.String, java.lang.String, java.lang.String, java.lang.String, java.lang.String, java.lang.String)[pri:0, instance:com.qaprosoft.carina.demo.ProposalSubmissionTest@5e2a6991]" name="Proposal_Submission" duration-ms="13692" started-at="2020-02-08T06:11:03Z" description="Testing Policy Quote API" data-provider="DataProvider" finished-at="2020-02-08T06:11:17Z">
          <params>
            <param index="0">
              <value>
                <![CDATA[Test]]>
              </value>
            </param>
            <param index="1">
              <value>
                <![CDATA[Demo]]>
              </value>
            </param>
            <param index="2">
              <value is-null="true"/>
            </param>
            <param index="3">
              <value>
                <![CDATA[7776666667]]>
              </value>
            </param>
            <param index="4">
              <value>
                <![CDATA[PAN]]>
              </value>
            </param>
            <param index="5">
              <value>
                <![CDATA[married]]>
              </value>
            </param>
            <param index="6">
              <value>
                <![CDATA[Indian]]>
              </value>
            </param>
            <param index="7">
              <value>
                <![CDATA[200000]]>
              </value>
            </param>
            <param index="8">
              <value>
                <![CDATA[service]]>
              </value>
            </param>
            <param index="9">
              <value>
                <![CDATA[Child]]>
              </value>
            </param>
            <param index="10">
              <value>
                <![CDATA[500000]]>
              </value>
            </param>
          </params>
          <reporter-output>
          </reporter-output>
        </test-method> <!-- Proposal_Submission -->
        <test-method status="PASS" signature="Proposal_Submission(java.lang.String, java.lang.String, java.lang.String, java.lang.String, java.lang.String, java.lang.String, java.lang.String, java.lang.String, java.lang.String, java.lang.String, java.lang.String)[pri:0, instance:com.qaprosoft.carina.demo.ProposalSubmissionTest@5e2a6991]" name="Proposal_Submission" duration-ms="13664" started-at="2020-02-08T06:11:03Z" description="Testing Policy Quote API" data-provider="DataProvider" finished-at="2020-02-08T06:11:17Z">
          <params>
            <param index="0">
              <value>
                <![CDATA[Test]]>
              </value>
            </param>
            <param index="1">
              <value>
                <![CDATA[Demo]]>
              </value>
            </param>
            <param index="2">
              <value is-null="true"/>
            </param>
            <param index="3">
              <value>
                <![CDATA[7776666667]]>
              </value>
            </param>
            <param index="4">
              <value>
                <![CDATA[PAN]]>
              </value>
            </param>
            <param index="5">
              <value>
                <![CDATA[married]]>
              </value>
            </param>
            <param index="6">
              <value>
                <![CDATA[Indian]]>
              </value>
            </param>
            <param index="7">
              <value>
                <![CDATA[200000]]>
              </value>
            </param>
            <param index="8">
              <value>
                <![CDATA[service]]>
              </value>
            </param>
            <param index="9">
              <value>
                <![CDATA[Child]]>
              </value>
            </param>
            <param index="10">
              <value>
                <![CDATA[500000]]>
              </value>
            </param>
          </params>
          <reporter-output>
          </reporter-output>
        </test-method> <!-- Proposal_Submission -->
        <test-method status="PASS" signature="Proposal_Submission(java.lang.String, java.lang.String, java.lang.String, java.lang.String, java.lang.String, java.lang.String, java.lang.String, java.lang.String, java.lang.String, java.lang.String, java.lang.String)[pri:0, instance:com.qaprosoft.carina.demo.ProposalSubmissionTest@5e2a6991]" name="Proposal_Submission" duration-ms="13634" started-at="2020-02-08T06:11:03Z" description="Testing Policy Quote API" data-provider="DataProvider" finished-at="2020-02-08T06:11:17Z">
          <params>
            <param index="0">
              <value>
                <![CDATA[Test]]>
              </value>
            </param>
            <param index="1">
              <value>
                <![CDATA[Demo]]>
              </value>
            </param>
            <param index="2">
              <value is-null="true"/>
            </param>
            <param index="3">
              <value>
                <![CDATA[7776666667]]>
              </value>
            </param>
            <param index="4">
              <value>
                <![CDATA[PAN]]>
              </value>
            </param>
            <param index="5">
              <value>
                <![CDATA[married]]>
              </value>
            </param>
            <param index="6">
              <value>
                <![CDATA[Indian]]>
              </value>
            </param>
            <param index="7">
              <value>
                <![CDATA[200000]]>
              </value>
            </param>
            <param index="8">
              <value>
                <![CDATA[service]]>
              </value>
            </param>
            <param index="9">
              <value>
                <![CDATA[Child]]>
              </value>
            </param>
            <param index="10">
              <value>
                <![CDATA[500000]]>
              </value>
            </param>
          </params>
          <reporter-output>
          </reporter-output>
        </test-method> <!-- Proposal_Submission -->
        <test-method status="PASS" signature="Proposal_Submission(java.lang.String, java.lang.String, java.lang.String, java.lang.String, java.lang.String, java.lang.String, java.lang.String, java.lang.String, java.lang.String, java.lang.String, java.lang.String)[pri:0, instance:com.qaprosoft.carina.demo.ProposalSubmissionTest@5e2a6991]" name="Proposal_Submission" duration-ms="13695" started-at="2020-02-08T06:11:03Z" description="Testing Policy Quote API" data-provider="DataProvider" finished-at="2020-02-08T06:11:17Z">
          <params>
            <param index="0">
              <value>
                <![CDATA[Test]]>
              </value>
            </param>
            <param index="1">
              <value>
                <![CDATA[Demo]]>
              </value>
            </param>
            <param index="2">
              <value is-null="true"/>
            </param>
            <param index="3">
              <value>
                <![CDATA[7776666667]]>
              </value>
            </param>
            <param index="4">
              <value>
                <![CDATA[PAN]]>
              </value>
            </param>
            <param index="5">
              <value>
                <![CDATA[married]]>
              </value>
            </param>
            <param index="6">
              <value>
                <![CDATA[Indian]]>
              </value>
            </param>
            <param index="7">
              <value>
                <![CDATA[200000]]>
              </value>
            </param>
            <param index="8">
              <value>
                <![CDATA[service]]>
              </value>
            </param>
            <param index="9">
              <value>
                <![CDATA[Child]]>
              </value>
            </param>
            <param index="10">
              <value>
                <![CDATA[500000]]>
              </value>
            </param>
          </params>
          <reporter-output>
          </reporter-output>
        </test-method> <!-- Proposal_Submission -->
        <test-method status="PASS" signature="Proposal_Submission(java.lang.String, java.lang.String, java.lang.String, java.lang.String, java.lang.String, java.lang.String, java.lang.String, java.lang.String, java.lang.String, java.lang.String, java.lang.String)[pri:0, instance:com.qaprosoft.carina.demo.ProposalSubmissionTest@5e2a6991]" name="Proposal_Submission" duration-ms="13597" started-at="2020-02-08T06:11:03Z" description="Testing Policy Quote API" data-provider="DataProvider" finished-at="2020-02-08T06:11:17Z">
          <params>
            <param index="0">
              <value>
                <![CDATA[Test]]>
              </value>
            </param>
            <param index="1">
              <value>
                <![CDATA[Demo]]>
              </value>
            </param>
            <param index="2">
              <value is-null="true"/>
            </param>
            <param index="3">
              <value>
                <![CDATA[7776666667]]>
              </value>
            </param>
            <param index="4">
              <value>
                <![CDATA[PAN]]>
              </value>
            </param>
            <param index="5">
              <value>
                <![CDATA[married]]>
              </value>
            </param>
            <param index="6">
              <value>
                <![CDATA[Indian]]>
              </value>
            </param>
            <param index="7">
              <value>
                <![CDATA[200000]]>
              </value>
            </param>
            <param index="8">
              <value>
                <![CDATA[service]]>
              </value>
            </param>
            <param index="9">
              <value>
                <![CDATA[Child]]>
              </value>
            </param>
            <param index="10">
              <value>
                <![CDATA[500000]]>
              </value>
            </param>
          </params>
          <reporter-output>
          </reporter-output>
        </test-method> <!-- Proposal_Submission -->
        <test-method status="PASS" signature="Proposal_Submission(java.lang.String, java.lang.String, java.lang.String, java.lang.String, java.lang.String, java.lang.String, java.lang.String, java.lang.String, java.lang.String, java.lang.String, java.lang.String)[pri:0, instance:com.qaprosoft.carina.demo.ProposalSubmissionTest@5e2a6991]" name="Proposal_Submission" duration-ms="13618" started-at="2020-02-08T06:11:03Z" description="Testing Policy Quote API" data-provider="DataProvider" finished-at="2020-02-08T06:11:17Z">
          <params>
            <param index="0">
              <value>
                <![CDATA[Test]]>
              </value>
            </param>
            <param index="1">
              <value>
                <![CDATA[Demo]]>
              </value>
            </param>
            <param index="2">
              <value is-null="true"/>
            </param>
            <param index="3">
              <value>
                <![CDATA[7776666667]]>
              </value>
            </param>
            <param index="4">
              <value>
                <![CDATA[PAN]]>
              </value>
            </param>
            <param index="5">
              <value>
                <![CDATA[married]]>
              </value>
            </param>
            <param index="6">
              <value>
                <![CDATA[Indian]]>
              </value>
            </param>
            <param index="7">
              <value>
                <![CDATA[200000]]>
              </value>
            </param>
            <param index="8">
              <value>
                <![CDATA[service]]>
              </value>
            </param>
            <param index="9">
              <value>
                <![CDATA[Child]]>
              </value>
            </param>
            <param index="10">
              <value>
                <![CDATA[500000]]>
              </value>
            </param>
          </params>
          <reporter-output>
          </reporter-output>
        </test-method> <!-- Proposal_Submission -->
        <test-method status="PASS" signature="Proposal_Submission(java.lang.String, java.lang.String, java.lang.String, java.lang.String, java.lang.String, java.lang.String, java.lang.String, java.lang.String, java.lang.String, java.lang.String, java.lang.String)[pri:0, instance:com.qaprosoft.carina.demo.ProposalSubmissionTest@5e2a6991]" name="Proposal_Submission" duration-ms="13694" started-at="2020-02-08T06:11:03Z" description="Testing Policy Quote API" data-provider="DataProvider" finished-at="2020-02-08T06:11:17Z">
          <params>
            <param index="0">
              <value>
                <![CDATA[Test]]>
              </value>
            </param>
            <param index="1">
              <value>
                <![CDATA[Demo]]>
              </value>
            </param>
            <param index="2">
              <value is-null="true"/>
            </param>
            <param index="3">
              <value>
                <![CDATA[7776666667]]>
              </value>
            </param>
            <param index="4">
              <value>
                <![CDATA[PAN]]>
              </value>
            </param>
            <param index="5">
              <value>
                <![CDATA[married]]>
              </value>
            </param>
            <param index="6">
              <value>
                <![CDATA[Indian]]>
              </value>
            </param>
            <param index="7">
              <value>
                <![CDATA[200000]]>
              </value>
            </param>
            <param index="8">
              <value>
                <![CDATA[service]]>
              </value>
            </param>
            <param index="9">
              <value>
                <![CDATA[Child]]>
              </value>
            </param>
            <param index="10">
              <value>
                <![CDATA[500000]]>
              </value>
            </param>
          </params>
          <reporter-output>
          </reporter-output>
        </test-method> <!-- Proposal_Submission -->
        <test-method status="PASS" signature="Proposal_Submission(java.lang.String, java.lang.String, java.lang.String, java.lang.String, java.lang.String, java.lang.String, java.lang.String, java.lang.String, java.lang.String, java.lang.String, java.lang.String)[pri:0, instance:com.qaprosoft.carina.demo.ProposalSubmissionTest@5e2a6991]" name="Proposal_Submission" duration-ms="13659" started-at="2020-02-08T06:11:03Z" description="Testing Policy Quote API" data-provider="DataProvider" finished-at="2020-02-08T06:11:17Z">
          <params>
            <param index="0">
              <value>
                <![CDATA[Test]]>
              </value>
            </param>
            <param index="1">
              <value>
                <![CDATA[Demo]]>
              </value>
            </param>
            <param index="2">
              <value is-null="true"/>
            </param>
            <param index="3">
              <value>
                <![CDATA[7776666667]]>
              </value>
            </param>
            <param index="4">
              <value>
                <![CDATA[PAN]]>
              </value>
            </param>
            <param index="5">
              <value>
                <![CDATA[married]]>
              </value>
            </param>
            <param index="6">
              <value>
                <![CDATA[Indian]]>
              </value>
            </param>
            <param index="7">
              <value>
                <![CDATA[200000]]>
              </value>
            </param>
            <param index="8">
              <value>
                <![CDATA[service]]>
              </value>
            </param>
            <param index="9">
              <value>
                <![CDATA[Child]]>
              </value>
            </param>
            <param index="10">
              <value>
                <![CDATA[500000]]>
              </value>
            </param>
          </params>
          <reporter-output>
          </reporter-output>
        </test-method> <!-- Proposal_Submission -->
        <test-method status="PASS" signature="Proposal_Submission(java.lang.String, java.lang.String, java.lang.String, java.lang.String, java.lang.String, java.lang.String, java.lang.String, java.lang.String, java.lang.String, java.lang.String, java.lang.String)[pri:0, instance:com.qaprosoft.carina.demo.ProposalSubmissionTest@5e2a6991]" name="Proposal_Submission" duration-ms="13616" started-at="2020-02-08T06:11:03Z" description="Testing Policy Quote API" data-provider="DataProvider" finished-at="2020-02-08T06:11:17Z">
          <params>
            <param index="0">
              <value>
                <![CDATA[Test]]>
              </value>
            </param>
            <param index="1">
              <value>
                <![CDATA[Demo]]>
              </value>
            </param>
            <param index="2">
              <value is-null="true"/>
            </param>
            <param index="3">
              <value>
                <![CDATA[7776666667]]>
              </value>
            </param>
            <param index="4">
              <value>
                <![CDATA[PAN]]>
              </value>
            </param>
            <param index="5">
              <value>
                <![CDATA[married]]>
              </value>
            </param>
            <param index="6">
              <value>
                <![CDATA[Indian]]>
              </value>
            </param>
            <param index="7">
              <value>
                <![CDATA[200000]]>
              </value>
            </param>
            <param index="8">
              <value>
                <![CDATA[service]]>
              </value>
            </param>
            <param index="9">
              <value>
                <![CDATA[Child]]>
              </value>
            </param>
            <param index="10">
              <value>
                <![CDATA[500000]]>
              </value>
            </param>
          </params>
          <reporter-output>
          </reporter-output>
        </test-method> <!-- Proposal_Submission -->
        <test-method status="PASS" signature="Proposal_Submission(java.lang.String, java.lang.String, java.lang.String, java.lang.String, java.lang.String, java.lang.String, java.lang.String, java.lang.String, java.lang.String, java.lang.String, java.lang.String)[pri:0, instance:com.qaprosoft.carina.demo.ProposalSubmissionTest@5e2a6991]" name="Proposal_Submission" duration-ms="13605" started-at="2020-02-08T06:11:03Z" description="Testing Policy Quote API" data-provider="DataProvider" finished-at="2020-02-08T06:11:17Z">
          <params>
            <param index="0">
              <value>
                <![CDATA[Test]]>
              </value>
            </param>
            <param index="1">
              <value>
                <![CDATA[Demo]]>
              </value>
            </param>
            <param index="2">
              <value is-null="true"/>
            </param>
            <param index="3">
              <value>
                <![CDATA[7776666667]]>
              </value>
            </param>
            <param index="4">
              <value>
                <![CDATA[PAN]]>
              </value>
            </param>
            <param index="5">
              <value>
                <![CDATA[married]]>
              </value>
            </param>
            <param index="6">
              <value>
                <![CDATA[Indian]]>
              </value>
            </param>
            <param index="7">
              <value>
                <![CDATA[200000]]>
              </value>
            </param>
            <param index="8">
              <value>
                <![CDATA[service]]>
              </value>
            </param>
            <param index="9">
              <value>
                <![CDATA[Child]]>
              </value>
            </param>
            <param index="10">
              <value>
                <![CDATA[500000]]>
              </value>
            </param>
          </params>
          <reporter-output>
          </reporter-output>
        </test-method> <!-- Proposal_Submission -->
        <test-method status="PASS" signature="Proposal_Submission(java.lang.String, java.lang.String, java.lang.String, java.lang.String, java.lang.String, java.lang.String, java.lang.String, java.lang.String, java.lang.String, java.lang.String, java.lang.String)[pri:0, instance:com.qaprosoft.carina.demo.ProposalSubmissionTest@5e2a6991]" name="Proposal_Submission" duration-ms="13644" started-at="2020-02-08T06:11:03Z" description="Testing Policy Quote API" data-provider="DataProvider" finished-at="2020-02-08T06:11:17Z">
          <params>
            <param index="0">
              <value>
                <![CDATA[Test]]>
              </value>
            </param>
            <param index="1">
              <value>
                <![CDATA[Demo]]>
              </value>
            </param>
            <param index="2">
              <value is-null="true"/>
            </param>
            <param index="3">
              <value>
                <![CDATA[7776666667]]>
              </value>
            </param>
            <param index="4">
              <value>
                <![CDATA[PAN]]>
              </value>
            </param>
            <param index="5">
              <value>
                <![CDATA[married]]>
              </value>
            </param>
            <param index="6">
              <value>
                <![CDATA[Indian]]>
              </value>
            </param>
            <param index="7">
              <value>
                <![CDATA[200000]]>
              </value>
            </param>
            <param index="8">
              <value>
                <![CDATA[service]]>
              </value>
            </param>
            <param index="9">
              <value>
                <![CDATA[Child]]>
              </value>
            </param>
            <param index="10">
              <value>
                <![CDATA[500000]]>
              </value>
            </param>
          </params>
          <reporter-output>
          </reporter-output>
        </test-method> <!-- Proposal_Submission -->
        <test-method status="PASS" signature="Proposal_Submission(java.lang.String, java.lang.String, java.lang.String, java.lang.String, java.lang.String, java.lang.String, java.lang.String, java.lang.String, java.lang.String, java.lang.String, java.lang.String)[pri:0, instance:com.qaprosoft.carina.demo.ProposalSubmissionTest@5e2a6991]" name="Proposal_Submission" duration-ms="13679" started-at="2020-02-08T06:11:03Z" description="Testing Policy Quote API" data-provider="DataProvider" finished-at="2020-02-08T06:11:17Z">
          <params>
            <param index="0">
              <value>
                <![CDATA[Test]]>
              </value>
            </param>
            <param index="1">
              <value>
                <![CDATA[Demo]]>
              </value>
            </param>
            <param index="2">
              <value is-null="true"/>
            </param>
            <param index="3">
              <value>
                <![CDATA[7776666667]]>
              </value>
            </param>
            <param index="4">
              <value>
                <![CDATA[PAN]]>
              </value>
            </param>
            <param index="5">
              <value>
                <![CDATA[married]]>
              </value>
            </param>
            <param index="6">
              <value>
                <![CDATA[Indian]]>
              </value>
            </param>
            <param index="7">
              <value>
                <![CDATA[200000]]>
              </value>
            </param>
            <param index="8">
              <value>
                <![CDATA[service]]>
              </value>
            </param>
            <param index="9">
              <value>
                <![CDATA[Child]]>
              </value>
            </param>
            <param index="10">
              <value>
                <![CDATA[500000]]>
              </value>
            </param>
          </params>
          <reporter-output>
          </reporter-output>
        </test-method> <!-- Proposal_Submission -->
        <test-method status="PASS" signature="Proposal_Submission(java.lang.String, java.lang.String, java.lang.String, java.lang.String, java.lang.String, java.lang.String, java.lang.String, java.lang.String, java.lang.String, java.lang.String, java.lang.String)[pri:0, instance:com.qaprosoft.carina.demo.ProposalSubmissionTest@5e2a6991]" name="Proposal_Submission" duration-ms="13647" started-at="2020-02-08T06:11:03Z" description="Testing Policy Quote API" data-provider="DataProvider" finished-at="2020-02-08T06:11:17Z">
          <params>
            <param index="0">
              <value>
                <![CDATA[Test]]>
              </value>
            </param>
            <param index="1">
              <value>
                <![CDATA[Demo]]>
              </value>
            </param>
            <param index="2">
              <value is-null="true"/>
            </param>
            <param index="3">
              <value>
                <![CDATA[7776666667]]>
              </value>
            </param>
            <param index="4">
              <value>
                <![CDATA[PAN]]>
              </value>
            </param>
            <param index="5">
              <value>
                <![CDATA[married]]>
              </value>
            </param>
            <param index="6">
              <value>
                <![CDATA[Indian]]>
              </value>
            </param>
            <param index="7">
              <value>
                <![CDATA[200000]]>
              </value>
            </param>
            <param index="8">
              <value>
                <![CDATA[service]]>
              </value>
            </param>
            <param index="9">
              <value>
                <![CDATA[Child]]>
              </value>
            </param>
            <param index="10">
              <value>
                <![CDATA[500000]]>
              </value>
            </param>
          </params>
          <reporter-output>
          </reporter-output>
        </test-method> <!-- Proposal_Submission -->
        <test-method status="PASS" signature="Proposal_Submission(java.lang.String, java.lang.String, java.lang.String, java.lang.String, java.lang.String, java.lang.String, java.lang.String, java.lang.String, java.lang.String, java.lang.String, java.lang.String)[pri:0, instance:com.qaprosoft.carina.demo.ProposalSubmissionTest@5e2a6991]" name="Proposal_Submission" duration-ms="13611" started-at="2020-02-08T06:11:03Z" description="Testing Policy Quote API" data-provider="DataProvider" finished-at="2020-02-08T06:11:17Z">
          <params>
            <param index="0">
              <value>
                <![CDATA[Test]]>
              </value>
            </param>
            <param index="1">
              <value>
                <![CDATA[Demo]]>
              </value>
            </param>
            <param index="2">
              <value is-null="true"/>
            </param>
            <param index="3">
              <value>
                <![CDATA[7776666667]]>
              </value>
            </param>
            <param index="4">
              <value>
                <![CDATA[PAN]]>
              </value>
            </param>
            <param index="5">
              <value>
                <![CDATA[married]]>
              </value>
            </param>
            <param index="6">
              <value>
                <![CDATA[Indian]]>
              </value>
            </param>
            <param index="7">
              <value>
                <![CDATA[200000]]>
              </value>
            </param>
            <param index="8">
              <value>
                <![CDATA[service]]>
              </value>
            </param>
            <param index="9">
              <value>
                <![CDATA[Child]]>
              </value>
            </param>
            <param index="10">
              <value>
                <![CDATA[500000]]>
              </value>
            </param>
          </params>
          <reporter-output>
          </reporter-output>
        </test-method> <!-- Proposal_Submission -->
        <test-method status="PASS" signature="Proposal_Submission(java.lang.String, java.lang.String, java.lang.String, java.lang.String, java.lang.String, java.lang.String, java.lang.String, java.lang.String, java.lang.String, java.lang.String, java.lang.String)[pri:0, instance:com.qaprosoft.carina.demo.ProposalSubmissionTest@5e2a6991]" name="Proposal_Submission" duration-ms="13695" started-at="2020-02-08T06:11:03Z" description="Testing Policy Quote API" data-provider="DataProvider" finished-at="2020-02-08T06:11:17Z">
          <params>
            <param index="0">
              <value>
                <![CDATA[Test]]>
              </value>
            </param>
            <param index="1">
              <value>
                <![CDATA[Demo]]>
              </value>
            </param>
            <param index="2">
              <value is-null="true"/>
            </param>
            <param index="3">
              <value>
                <![CDATA[7776666667]]>
              </value>
            </param>
            <param index="4">
              <value>
                <![CDATA[PAN]]>
              </value>
            </param>
            <param index="5">
              <value>
                <![CDATA[married]]>
              </value>
            </param>
            <param index="6">
              <value>
                <![CDATA[Indian]]>
              </value>
            </param>
            <param index="7">
              <value>
                <![CDATA[200000]]>
              </value>
            </param>
            <param index="8">
              <value>
                <![CDATA[service]]>
              </value>
            </param>
            <param index="9">
              <value>
                <![CDATA[Child]]>
              </value>
            </param>
            <param index="10">
              <value>
                <![CDATA[500000]]>
              </value>
            </param>
          </params>
          <reporter-output>
          </reporter-output>
        </test-method> <!-- Proposal_Submission -->
        <test-method status="PASS" signature="Proposal_Submission(java.lang.String, java.lang.String, java.lang.String, java.lang.String, java.lang.String, java.lang.String, java.lang.String, java.lang.String, java.lang.String, java.lang.String, java.lang.String)[pri:0, instance:com.qaprosoft.carina.demo.ProposalSubmissionTest@5e2a6991]" name="Proposal_Submission" duration-ms="13685" started-at="2020-02-08T06:11:03Z" description="Testing Policy Quote API" data-provider="DataProvider" finished-at="2020-02-08T06:11:17Z">
          <params>
            <param index="0">
              <value>
                <![CDATA[Test]]>
              </value>
            </param>
            <param index="1">
              <value>
                <![CDATA[Demo]]>
              </value>
            </param>
            <param index="2">
              <value is-null="true"/>
            </param>
            <param index="3">
              <value>
                <![CDATA[7776666667]]>
              </value>
            </param>
            <param index="4">
              <value>
                <![CDATA[PAN]]>
              </value>
            </param>
            <param index="5">
              <value>
                <![CDATA[married]]>
              </value>
            </param>
            <param index="6">
              <value>
                <![CDATA[Indian]]>
              </value>
            </param>
            <param index="7">
              <value>
                <![CDATA[200000]]>
              </value>
            </param>
            <param index="8">
              <value>
                <![CDATA[service]]>
              </value>
            </param>
            <param index="9">
              <value>
                <![CDATA[Child]]>
              </value>
            </param>
            <param index="10">
              <value>
                <![CDATA[500000]]>
              </value>
            </param>
          </params>
          <reporter-output>
          </reporter-output>
        </test-method> <!-- Proposal_Submission -->
        <test-method status="PASS" signature="Proposal_Submission(java.lang.String, java.lang.String, java.lang.String, java.lang.String, java.lang.String, java.lang.String, java.lang.String, java.lang.String, java.lang.String, java.lang.String, java.lang.String)[pri:0, instance:com.qaprosoft.carina.demo.ProposalSubmissionTest@5e2a6991]" name="Proposal_Submission" duration-ms="13678" started-at="2020-02-08T06:11:03Z" description="Testing Policy Quote API" data-provider="DataProvider" finished-at="2020-02-08T06:11:17Z">
          <params>
            <param index="0">
              <value>
                <![CDATA[Test]]>
              </value>
            </param>
            <param index="1">
              <value>
                <![CDATA[Demo]]>
              </value>
            </param>
            <param index="2">
              <value is-null="true"/>
            </param>
            <param index="3">
              <value>
                <![CDATA[7776666667]]>
              </value>
            </param>
            <param index="4">
              <value>
                <![CDATA[PAN]]>
              </value>
            </param>
            <param index="5">
              <value>
                <![CDATA[married]]>
              </value>
            </param>
            <param index="6">
              <value>
                <![CDATA[Indian]]>
              </value>
            </param>
            <param index="7">
              <value>
                <![CDATA[200000]]>
              </value>
            </param>
            <param index="8">
              <value>
                <![CDATA[service]]>
              </value>
            </param>
            <param index="9">
              <value>
                <![CDATA[Child]]>
              </value>
            </param>
            <param index="10">
              <value>
                <![CDATA[500000]]>
              </value>
            </param>
          </params>
          <reporter-output>
          </reporter-output>
        </test-method> <!-- Proposal_Submission -->
        <test-method status="PASS" signature="Proposal_Submission(java.lang.String, java.lang.String, java.lang.String, java.lang.String, java.lang.String, java.lang.String, java.lang.String, java.lang.String, java.lang.String, java.lang.String, java.lang.String)[pri:0, instance:com.qaprosoft.carina.demo.ProposalSubmissionTest@5e2a6991]" name="Proposal_Submission" duration-ms="13683" started-at="2020-02-08T06:11:03Z" description="Testing Policy Quote API" data-provider="DataProvider" finished-at="2020-02-08T06:11:17Z">
          <params>
            <param index="0">
              <value>
                <![CDATA[Test]]>
              </value>
            </param>
            <param index="1">
              <value>
                <![CDATA[Demo]]>
              </value>
            </param>
            <param index="2">
              <value is-null="true"/>
            </param>
            <param index="3">
              <value>
                <![CDATA[7776666667]]>
              </value>
            </param>
            <param index="4">
              <value>
                <![CDATA[PAN]]>
              </value>
            </param>
            <param index="5">
              <value>
                <![CDATA[married]]>
              </value>
            </param>
            <param index="6">
              <value>
                <![CDATA[Indian]]>
              </value>
            </param>
            <param index="7">
              <value>
                <![CDATA[200000]]>
              </value>
            </param>
            <param index="8">
              <value>
                <![CDATA[service]]>
              </value>
            </param>
            <param index="9">
              <value>
                <![CDATA[Child]]>
              </value>
            </param>
            <param index="10">
              <value>
                <![CDATA[500000]]>
              </value>
            </param>
          </params>
          <reporter-output>
          </reporter-output>
        </test-method> <!-- Proposal_Submission -->
        <test-method status="PASS" signature="Proposal_Submission(java.lang.String, java.lang.String, java.lang.String, java.lang.String, java.lang.String, java.lang.String, java.lang.String, java.lang.String, java.lang.String, java.lang.String, java.lang.String)[pri:0, instance:com.qaprosoft.carina.demo.ProposalSubmissionTest@5e2a6991]" name="Proposal_Submission" duration-ms="13620" started-at="2020-02-08T06:11:03Z" description="Testing Policy Quote API" data-provider="DataProvider" finished-at="2020-02-08T06:11:17Z">
          <params>
            <param index="0">
              <value>
                <![CDATA[Test]]>
              </value>
            </param>
            <param index="1">
              <value>
                <![CDATA[Demo]]>
              </value>
            </param>
            <param index="2">
              <value is-null="true"/>
            </param>
            <param index="3">
              <value>
                <![CDATA[7776666667]]>
              </value>
            </param>
            <param index="4">
              <value>
                <![CDATA[PAN]]>
              </value>
            </param>
            <param index="5">
              <value>
                <![CDATA[married]]>
              </value>
            </param>
            <param index="6">
              <value>
                <![CDATA[Indian]]>
              </value>
            </param>
            <param index="7">
              <value>
                <![CDATA[200000]]>
              </value>
            </param>
            <param index="8">
              <value>
                <![CDATA[service]]>
              </value>
            </param>
            <param index="9">
              <value>
                <![CDATA[Child]]>
              </value>
            </param>
            <param index="10">
              <value>
                <![CDATA[500000]]>
              </value>
            </param>
          </params>
          <reporter-output>
          </reporter-output>
        </test-method> <!-- Proposal_Submission -->
        <test-method status="PASS" signature="Proposal_Submission(java.lang.String, java.lang.String, java.lang.String, java.lang.String, java.lang.String, java.lang.String, java.lang.String, java.lang.String, java.lang.String, java.lang.String, java.lang.String)[pri:0, instance:com.qaprosoft.carina.demo.ProposalSubmissionTest@5e2a6991]" name="Proposal_Submission" duration-ms="13690" started-at="2020-02-08T06:11:03Z" description="Testing Policy Quote API" data-provider="DataProvider" finished-at="2020-02-08T06:11:17Z">
          <params>
            <param index="0">
              <value>
                <![CDATA[Test]]>
              </value>
            </param>
            <param index="1">
              <value>
                <![CDATA[Demo]]>
              </value>
            </param>
            <param index="2">
              <value is-null="true"/>
            </param>
            <param index="3">
              <value>
                <![CDATA[7776666667]]>
              </value>
            </param>
            <param index="4">
              <value>
                <![CDATA[PAN]]>
              </value>
            </param>
            <param index="5">
              <value>
                <![CDATA[married]]>
              </value>
            </param>
            <param index="6">
              <value>
                <![CDATA[Indian]]>
              </value>
            </param>
            <param index="7">
              <value>
                <![CDATA[200000]]>
              </value>
            </param>
            <param index="8">
              <value>
                <![CDATA[service]]>
              </value>
            </param>
            <param index="9">
              <value>
                <![CDATA[Child]]>
              </value>
            </param>
            <param index="10">
              <value>
                <![CDATA[500000]]>
              </value>
            </param>
          </params>
          <reporter-output>
          </reporter-output>
        </test-method> <!-- Proposal_Submission -->
        <test-method status="PASS" signature="Proposal_Submission(java.lang.String, java.lang.String, java.lang.String, java.lang.String, java.lang.String, java.lang.String, java.lang.String, java.lang.String, java.lang.String, java.lang.String, java.lang.String)[pri:0, instance:com.qaprosoft.carina.demo.ProposalSubmissionTest@5e2a6991]" name="Proposal_Submission" duration-ms="1004" started-at="2020-02-08T06:11:17Z" description="Testing Policy Quote API" data-provider="DataProvider" finished-at="2020-02-08T06:11:18Z">
          <params>
            <param index="0">
              <value>
                <![CDATA[Test]]>
              </value>
            </param>
            <param index="1">
              <value>
                <![CDATA[Demo]]>
              </value>
            </param>
            <param index="2">
              <value is-null="true"/>
            </param>
            <param index="3">
              <value>
                <![CDATA[7776666667]]>
              </value>
            </param>
            <param index="4">
              <value>
                <![CDATA[PAN]]>
              </value>
            </param>
            <param index="5">
              <value>
                <![CDATA[married]]>
              </value>
            </param>
            <param index="6">
              <value>
                <![CDATA[Indian]]>
              </value>
            </param>
            <param index="7">
              <value>
                <![CDATA[200000]]>
              </value>
            </param>
            <param index="8">
              <value>
                <![CDATA[service]]>
              </value>
            </param>
            <param index="9">
              <value>
                <![CDATA[Child]]>
              </value>
            </param>
            <param index="10">
              <value>
                <![CDATA[500000]]>
              </value>
            </param>
          </params>
          <reporter-output>
          </reporter-output>
        </test-method> <!-- Proposal_Submission -->
        <test-method status="PASS" signature="Proposal_Submission(java.lang.String, java.lang.String, java.lang.String, java.lang.String, java.lang.String, java.lang.String, java.lang.String, java.lang.String, java.lang.String, java.lang.String, java.lang.String)[pri:0, instance:com.qaprosoft.carina.demo.ProposalSubmissionTest@5e2a6991]" name="Proposal_Submission" duration-ms="5218" started-at="2020-02-08T06:11:17Z" description="Testing Policy Quote API" data-provider="DataProvider" finished-at="2020-02-08T06:11:22Z">
          <params>
            <param index="0">
              <value>
                <![CDATA[Test]]>
              </value>
            </param>
            <param index="1">
              <value>
                <![CDATA[Demo]]>
              </value>
            </param>
            <param index="2">
              <value is-null="true"/>
            </param>
            <param index="3">
              <value>
                <![CDATA[7776666667]]>
              </value>
            </param>
            <param index="4">
              <value>
                <![CDATA[PAN]]>
              </value>
            </param>
            <param index="5">
              <value>
                <![CDATA[married]]>
              </value>
            </param>
            <param index="6">
              <value>
                <![CDATA[Indian]]>
              </value>
            </param>
            <param index="7">
              <value>
                <![CDATA[200000]]>
              </value>
            </param>
            <param index="8">
              <value>
                <![CDATA[service]]>
              </value>
            </param>
            <param index="9">
              <value>
                <![CDATA[Child]]>
              </value>
            </param>
            <param index="10">
              <value>
                <![CDATA[500000]]>
              </value>
            </param>
          </params>
          <reporter-output>
          </reporter-output>
        </test-method> <!-- Proposal_Submission -->
        <test-method status="PASS" signature="Proposal_Submission(java.lang.String, java.lang.String, java.lang.String, java.lang.String, java.lang.String, java.lang.String, java.lang.String, java.lang.String, java.lang.String, java.lang.String, java.lang.String)[pri:0, instance:com.qaprosoft.carina.demo.ProposalSubmissionTest@5e2a6991]" name="Proposal_Submission" duration-ms="2851" started-at="2020-02-08T06:11:17Z" description="Testing Policy Quote API" data-provider="DataProvider" finished-at="2020-02-08T06:11:20Z">
          <params>
            <param index="0">
              <value>
                <![CDATA[Test]]>
              </value>
            </param>
            <param index="1">
              <value>
                <![CDATA[Demo]]>
              </value>
            </param>
            <param index="2">
              <value is-null="true"/>
            </param>
            <param index="3">
              <value>
                <![CDATA[7776666667]]>
              </value>
            </param>
            <param index="4">
              <value>
                <![CDATA[PAN]]>
              </value>
            </param>
            <param index="5">
              <value>
                <![CDATA[married]]>
              </value>
            </param>
            <param index="6">
              <value>
                <![CDATA[Indian]]>
              </value>
            </param>
            <param index="7">
              <value>
                <![CDATA[200000]]>
              </value>
            </param>
            <param index="8">
              <value>
                <![CDATA[service]]>
              </value>
            </param>
            <param index="9">
              <value>
                <![CDATA[Child]]>
              </value>
            </param>
            <param index="10">
              <value>
                <![CDATA[500000]]>
              </value>
            </param>
          </params>
          <reporter-output>
          </reporter-output>
        </test-method> <!-- Proposal_Submission -->
        <test-method status="PASS" signature="Proposal_Submission(java.lang.String, java.lang.String, java.lang.String, java.lang.String, java.lang.String, java.lang.String, java.lang.String, java.lang.String, java.lang.String, java.lang.String, java.lang.String)[pri:0, instance:com.qaprosoft.carina.demo.ProposalSubmissionTest@5e2a6991]" name="Proposal_Submission" duration-ms="2843" started-at="2020-02-08T06:11:17Z" description="Testing Policy Quote API" data-provider="DataProvider" finished-at="2020-02-08T06:11:20Z">
          <params>
            <param index="0">
              <value>
                <![CDATA[Test]]>
              </value>
            </param>
            <param index="1">
              <value>
                <![CDATA[Demo]]>
              </value>
            </param>
            <param index="2">
              <value is-null="true"/>
            </param>
            <param index="3">
              <value>
                <![CDATA[7776666667]]>
              </value>
            </param>
            <param index="4">
              <value>
                <![CDATA[PAN]]>
              </value>
            </param>
            <param index="5">
              <value>
                <![CDATA[married]]>
              </value>
            </param>
            <param index="6">
              <value>
                <![CDATA[Indian]]>
              </value>
            </param>
            <param index="7">
              <value>
                <![CDATA[200000]]>
              </value>
            </param>
            <param index="8">
              <value>
                <![CDATA[service]]>
              </value>
            </param>
            <param index="9">
              <value>
                <![CDATA[Child]]>
              </value>
            </param>
            <param index="10">
              <value>
                <![CDATA[500000]]>
              </value>
            </param>
          </params>
          <reporter-output>
          </reporter-output>
        </test-method> <!-- Proposal_Submission -->
        <test-method status="PASS" signature="Proposal_Submission(java.lang.String, java.lang.String, java.lang.String, java.lang.String, java.lang.String, java.lang.String, java.lang.String, java.lang.String, java.lang.String, java.lang.String, java.lang.String)[pri:0, instance:com.qaprosoft.carina.demo.ProposalSubmissionTest@5e2a6991]" name="Proposal_Submission" duration-ms="2833" started-at="2020-02-08T06:11:17Z" description="Testing Policy Quote API" data-provider="DataProvider" finished-at="2020-02-08T06:11:20Z">
          <params>
            <param index="0">
              <value>
                <![CDATA[Test]]>
              </value>
            </param>
            <param index="1">
              <value>
                <![CDATA[Demo]]>
              </value>
            </param>
            <param index="2">
              <value is-null="true"/>
            </param>
            <param index="3">
              <value>
                <![CDATA[7776666667]]>
              </value>
            </param>
            <param index="4">
              <value>
                <![CDATA[PAN]]>
              </value>
            </param>
            <param index="5">
              <value>
                <![CDATA[married]]>
              </value>
            </param>
            <param index="6">
              <value>
                <![CDATA[Indian]]>
              </value>
            </param>
            <param index="7">
              <value>
                <![CDATA[200000]]>
              </value>
            </param>
            <param index="8">
              <value>
                <![CDATA[service]]>
              </value>
            </param>
            <param index="9">
              <value>
                <![CDATA[Child]]>
              </value>
            </param>
            <param index="10">
              <value>
                <![CDATA[500000]]>
              </value>
            </param>
          </params>
          <reporter-output>
          </reporter-output>
        </test-method> <!-- Proposal_Submission -->
        <test-method status="PASS" signature="Proposal_Submission(java.lang.String, java.lang.String, java.lang.String, java.lang.String, java.lang.String, java.lang.String, java.lang.String, java.lang.String, java.lang.String, java.lang.String, java.lang.String)[pri:0, instance:com.qaprosoft.carina.demo.ProposalSubmissionTest@5e2a6991]" name="Proposal_Submission" duration-ms="3035" started-at="2020-02-08T06:11:17Z" description="Testing Policy Quote API" data-provider="DataProvider" finished-at="2020-02-08T06:11:20Z">
          <params>
            <param index="0">
              <value>
                <![CDATA[Test]]>
              </value>
            </param>
            <param index="1">
              <value>
                <![CDATA[Demo]]>
              </value>
            </param>
            <param index="2">
              <value is-null="true"/>
            </param>
            <param index="3">
              <value>
                <![CDATA[7776666667]]>
              </value>
            </param>
            <param index="4">
              <value>
                <![CDATA[PAN]]>
              </value>
            </param>
            <param index="5">
              <value>
                <![CDATA[married]]>
              </value>
            </param>
            <param index="6">
              <value>
                <![CDATA[Indian]]>
              </value>
            </param>
            <param index="7">
              <value>
                <![CDATA[200000]]>
              </value>
            </param>
            <param index="8">
              <value>
                <![CDATA[service]]>
              </value>
            </param>
            <param index="9">
              <value>
                <![CDATA[Child]]>
              </value>
            </param>
            <param index="10">
              <value>
                <![CDATA[500000]]>
              </value>
            </param>
          </params>
          <reporter-output>
          </reporter-output>
        </test-method> <!-- Proposal_Submission -->
        <test-method status="PASS" signature="Proposal_Submission(java.lang.String, java.lang.String, java.lang.String, java.lang.String, java.lang.String, java.lang.String, java.lang.String, java.lang.String, java.lang.String, java.lang.String, java.lang.String)[pri:0, instance:com.qaprosoft.carina.demo.ProposalSubmissionTest@5e2a6991]" name="Proposal_Submission" duration-ms="3120" started-at="2020-02-08T06:11:17Z" description="Testing Policy Quote API" data-provider="DataProvider" finished-at="2020-02-08T06:11:20Z">
          <params>
            <param index="0">
              <value>
                <![CDATA[Test]]>
              </value>
            </param>
            <param index="1">
              <value>
                <![CDATA[Demo]]>
              </value>
            </param>
            <param index="2">
              <value is-null="true"/>
            </param>
            <param index="3">
              <value>
                <![CDATA[7776666667]]>
              </value>
            </param>
            <param index="4">
              <value>
                <![CDATA[PAN]]>
              </value>
            </param>
            <param index="5">
              <value>
                <![CDATA[married]]>
              </value>
            </param>
            <param index="6">
              <value>
                <![CDATA[Indian]]>
              </value>
            </param>
            <param index="7">
              <value>
                <![CDATA[200000]]>
              </value>
            </param>
            <param index="8">
              <value>
                <![CDATA[service]]>
              </value>
            </param>
            <param index="9">
              <value>
                <![CDATA[Child]]>
              </value>
            </param>
            <param index="10">
              <value>
                <![CDATA[500000]]>
              </value>
            </param>
          </params>
          <reporter-output>
          </reporter-output>
        </test-method> <!-- Proposal_Submission -->
        <test-method status="PASS" signature="Proposal_Submission(java.lang.String, java.lang.String, java.lang.String, java.lang.String, java.lang.String, java.lang.String, java.lang.String, java.lang.String, java.lang.String, java.lang.String, java.lang.String)[pri:0, instance:com.qaprosoft.carina.demo.ProposalSubmissionTest@5e2a6991]" name="Proposal_Submission" duration-ms="3214" started-at="2020-02-08T06:11:17Z" description="Testing Policy Quote API" data-provider="DataProvider" finished-at="2020-02-08T06:11:20Z">
          <params>
            <param index="0">
              <value>
                <![CDATA[Test]]>
              </value>
            </param>
            <param index="1">
              <value>
                <![CDATA[Demo]]>
              </value>
            </param>
            <param index="2">
              <value is-null="true"/>
            </param>
            <param index="3">
              <value>
                <![CDATA[7776666667]]>
              </value>
            </param>
            <param index="4">
              <value>
                <![CDATA[PAN]]>
              </value>
            </param>
            <param index="5">
              <value>
                <![CDATA[married]]>
              </value>
            </param>
            <param index="6">
              <value>
                <![CDATA[Indian]]>
              </value>
            </param>
            <param index="7">
              <value>
                <![CDATA[200000]]>
              </value>
            </param>
            <param index="8">
              <value>
                <![CDATA[service]]>
              </value>
            </param>
            <param index="9">
              <value>
                <![CDATA[Child]]>
              </value>
            </param>
            <param index="10">
              <value>
                <![CDATA[500000]]>
              </value>
            </param>
          </params>
          <reporter-output>
          </reporter-output>
        </test-method> <!-- Proposal_Submission -->
        <test-method status="PASS" signature="Proposal_Submission(java.lang.String, java.lang.String, java.lang.String, java.lang.String, java.lang.String, java.lang.String, java.lang.String, java.lang.String, java.lang.String, java.lang.String, java.lang.String)[pri:0, instance:com.qaprosoft.carina.demo.ProposalSubmissionTest@5e2a6991]" name="Proposal_Submission" duration-ms="3011" started-at="2020-02-08T06:11:17Z" description="Testing Policy Quote API" data-provider="DataProvider" finished-at="2020-02-08T06:11:20Z">
          <params>
            <param index="0">
              <value>
                <![CDATA[Test]]>
              </value>
            </param>
            <param index="1">
              <value>
                <![CDATA[Demo]]>
              </value>
            </param>
            <param index="2">
              <value is-null="true"/>
            </param>
            <param index="3">
              <value>
                <![CDATA[7776666667]]>
              </value>
            </param>
            <param index="4">
              <value>
                <![CDATA[PAN]]>
              </value>
            </param>
            <param index="5">
              <value>
                <![CDATA[married]]>
              </value>
            </param>
            <param index="6">
              <value>
                <![CDATA[Indian]]>
              </value>
            </param>
            <param index="7">
              <value>
                <![CDATA[200000]]>
              </value>
            </param>
            <param index="8">
              <value>
                <![CDATA[service]]>
              </value>
            </param>
            <param index="9">
              <value>
                <![CDATA[Child]]>
              </value>
            </param>
            <param index="10">
              <value>
                <![CDATA[500000]]>
              </value>
            </param>
          </params>
          <reporter-output>
          </reporter-output>
        </test-method> <!-- Proposal_Submission -->
        <test-method status="PASS" signature="Proposal_Submission(java.lang.String, java.lang.String, java.lang.String, java.lang.String, java.lang.String, java.lang.String, java.lang.String, java.lang.String, java.lang.String, java.lang.String, java.lang.String)[pri:0, instance:com.qaprosoft.carina.demo.ProposalSubmissionTest@5e2a6991]" name="Proposal_Submission" duration-ms="3298" started-at="2020-02-08T06:11:17Z" description="Testing Policy Quote API" data-provider="DataProvider" finished-at="2020-02-08T06:11:20Z">
          <params>
            <param index="0">
              <value>
                <![CDATA[Test]]>
              </value>
            </param>
            <param index="1">
              <value>
                <![CDATA[Demo]]>
              </value>
            </param>
            <param index="2">
              <value is-null="true"/>
            </param>
            <param index="3">
              <value>
                <![CDATA[7776666667]]>
              </value>
            </param>
            <param index="4">
              <value>
                <![CDATA[PAN]]>
              </value>
            </param>
            <param index="5">
              <value>
                <![CDATA[married]]>
              </value>
            </param>
            <param index="6">
              <value>
                <![CDATA[Indian]]>
              </value>
            </param>
            <param index="7">
              <value>
                <![CDATA[200000]]>
              </value>
            </param>
            <param index="8">
              <value>
                <![CDATA[service]]>
              </value>
            </param>
            <param index="9">
              <value>
                <![CDATA[Child]]>
              </value>
            </param>
            <param index="10">
              <value>
                <![CDATA[500000]]>
              </value>
            </param>
          </params>
          <reporter-output>
          </reporter-output>
        </test-method> <!-- Proposal_Submission -->
        <test-method status="PASS" signature="Proposal_Submission(java.lang.String, java.lang.String, java.lang.String, java.lang.String, java.lang.String, java.lang.String, java.lang.String, java.lang.String, java.lang.String, java.lang.String, java.lang.String)[pri:0, instance:com.qaprosoft.carina.demo.ProposalSubmissionTest@5e2a6991]" name="Proposal_Submission" duration-ms="3280" started-at="2020-02-08T06:11:17Z" description="Testing Policy Quote API" data-provider="DataProvider" finished-at="2020-02-08T06:11:20Z">
          <params>
            <param index="0">
              <value>
                <![CDATA[Test]]>
              </value>
            </param>
            <param index="1">
              <value>
                <![CDATA[Demo]]>
              </value>
            </param>
            <param index="2">
              <value is-null="true"/>
            </param>
            <param index="3">
              <value>
                <![CDATA[7776666667]]>
              </value>
            </param>
            <param index="4">
              <value>
                <![CDATA[PAN]]>
              </value>
            </param>
            <param index="5">
              <value>
                <![CDATA[married]]>
              </value>
            </param>
            <param index="6">
              <value>
                <![CDATA[Indian]]>
              </value>
            </param>
            <param index="7">
              <value>
                <![CDATA[200000]]>
              </value>
            </param>
            <param index="8">
              <value>
                <![CDATA[service]]>
              </value>
            </param>
            <param index="9">
              <value>
                <![CDATA[Child]]>
              </value>
            </param>
            <param index="10">
              <value>
                <![CDATA[500000]]>
              </value>
            </param>
          </params>
          <reporter-output>
          </reporter-output>
        </test-method> <!-- Proposal_Submission -->
        <test-method status="PASS" signature="Proposal_Submission(java.lang.String, java.lang.String, java.lang.String, java.lang.String, java.lang.String, java.lang.String, java.lang.String, java.lang.String, java.lang.String, java.lang.String, java.lang.String)[pri:0, instance:com.qaprosoft.carina.demo.ProposalSubmissionTest@5e2a6991]" name="Proposal_Submission" duration-ms="2362" started-at="2020-02-08T06:11:17Z" description="Testing Policy Quote API" data-provider="DataProvider" finished-at="2020-02-08T06:11:20Z">
          <params>
            <param index="0">
              <value>
                <![CDATA[Test]]>
              </value>
            </param>
            <param index="1">
              <value>
                <![CDATA[Demo]]>
              </value>
            </param>
            <param index="2">
              <value is-null="true"/>
            </param>
            <param index="3">
              <value>
                <![CDATA[7776666667]]>
              </value>
            </param>
            <param index="4">
              <value>
                <![CDATA[PAN]]>
              </value>
            </param>
            <param index="5">
              <value>
                <![CDATA[married]]>
              </value>
            </param>
            <param index="6">
              <value>
                <![CDATA[Indian]]>
              </value>
            </param>
            <param index="7">
              <value>
                <![CDATA[200000]]>
              </value>
            </param>
            <param index="8">
              <value>
                <![CDATA[service]]>
              </value>
            </param>
            <param index="9">
              <value>
                <![CDATA[Child]]>
              </value>
            </param>
            <param index="10">
              <value>
                <![CDATA[500000]]>
              </value>
            </param>
          </params>
          <reporter-output>
          </reporter-output>
        </test-method> <!-- Proposal_Submission -->
        <test-method status="PASS" signature="Proposal_Submission(java.lang.String, java.lang.String, java.lang.String, java.lang.String, java.lang.String, java.lang.String, java.lang.String, java.lang.String, java.lang.String, java.lang.String, java.lang.String)[pri:0, instance:com.qaprosoft.carina.demo.ProposalSubmissionTest@5e2a6991]" name="Proposal_Submission" duration-ms="2598" started-at="2020-02-08T06:11:17Z" description="Testing Policy Quote API" data-provider="DataProvider" finished-at="2020-02-08T06:11:20Z">
          <params>
            <param index="0">
              <value>
                <![CDATA[Test]]>
              </value>
            </param>
            <param index="1">
              <value>
                <![CDATA[Demo]]>
              </value>
            </param>
            <param index="2">
              <value is-null="true"/>
            </param>
            <param index="3">
              <value>
                <![CDATA[7776666667]]>
              </value>
            </param>
            <param index="4">
              <value>
                <![CDATA[PAN]]>
              </value>
            </param>
            <param index="5">
              <value>
                <![CDATA[married]]>
              </value>
            </param>
            <param index="6">
              <value>
                <![CDATA[Indian]]>
              </value>
            </param>
            <param index="7">
              <value>
                <![CDATA[200000]]>
              </value>
            </param>
            <param index="8">
              <value>
                <![CDATA[service]]>
              </value>
            </param>
            <param index="9">
              <value>
                <![CDATA[Child]]>
              </value>
            </param>
            <param index="10">
              <value>
                <![CDATA[500000]]>
              </value>
            </param>
          </params>
          <reporter-output>
          </reporter-output>
        </test-method> <!-- Proposal_Submission -->
        <test-method status="PASS" signature="Proposal_Submission(java.lang.String, java.lang.String, java.lang.String, java.lang.String, java.lang.String, java.lang.String, java.lang.String, java.lang.String, java.lang.String, java.lang.String, java.lang.String)[pri:0, instance:com.qaprosoft.carina.demo.ProposalSubmissionTest@5e2a6991]" name="Proposal_Submission" duration-ms="2438" started-at="2020-02-08T06:11:17Z" description="Testing Policy Quote API" data-provider="DataProvider" finished-at="2020-02-08T06:11:20Z">
          <params>
            <param index="0">
              <value>
                <![CDATA[Test]]>
              </value>
            </param>
            <param index="1">
              <value>
                <![CDATA[Demo]]>
              </value>
            </param>
[...]
            <param index="3">
              <value>
                <![CDATA[7776666667]]>
              </value>
            </param>
            <param index="4">
              <value>
                <![CDATA[PAN]]>
              </value>
            </param>
            <param index="5">
              <value>
                <![CDATA[married]]>
              </value>
            </param>
            <param index="6">
              <value>
                <![CDATA[Indian]]>
              </value>
            </param>
            <param index="7">
              <value>
                <![CDATA[200000]]>
              </value>
            </param>
            <param index="8">
              <value>
                <![CDATA[service]]>
              </value>
            </param>
            <param index="9">
              <value>
                <![CDATA[Child]]>
              </value>
            </param>
            <param index="10">
              <value>
                <![CDATA[500000]]>
              </value>
            </param>
          </params>
          <reporter-output>
          </reporter-output>
        </test-method> <!-- Proposal_Submission -->
        <test-method status="PASS" signature="Proposal_Submission(java.lang.String, java.lang.String, java.lang.String, java.lang.String, java.lang.String, java.lang.String, java.lang.String, java.lang.String, java.lang.String, java.lang.String, java.lang.String)[pri:0, instance:com.qaprosoft.carina.demo.ProposalSubmissionTest@5e2a6991]" name="Proposal_Submission" duration-ms="3882" started-at="2020-02-08T06:11:29Z" description="Testing Policy Quote API" data-provider="DataProvider" finished-at="2020-02-08T06:11:33Z">
          <params>
            <param index="0">
              <value>
                <![CDATA[Test]]>
              </value>
            </param>
            <param index="1">
              <value>
                <![CDATA[Demo]]>
              </value>
            </param>
            <param index="2">
              <value is-null="true"/>
            </param>
            <param index="3">
              <value>
                <![CDATA[7776666667]]>
              </value>
            </param>
            <param index="4">
              <value>
                <![CDATA[PAN]]>
              </value>
            </param>
            <param index="5">
              <value>
                <![CDATA[married]]>
              </value>
            </param>
            <param index="6">
              <value>
                <![CDATA[Indian]]>
              </value>
            </param>
            <param index="7">
              <value>
                <![CDATA[200000]]>
              </value>
            </param>
            <param index="8">
              <value>
                <![CDATA[service]]>
              </value>
            </param>
            <param index="9">
              <value>
                <![CDATA[Child]]>
              </value>
            </param>
            <param index="10">
              <value>
                <![CDATA[500000]]>
              </value>
            </param>
          </params>
          <reporter-output>
          </reporter-output>
        </test-method> <!-- Proposal_Submission -->
        <test-method status="PASS" signature="Proposal_Submission(java.lang.String, java.lang.String, java.lang.String, java.lang.String, java.lang.String, java.lang.String, java.lang.String, java.lang.String, java.lang.String, java.lang.String, java.lang.String)[pri:0, instance:com.qaprosoft.carina.demo.ProposalSubmissionTest@5e2a6991]" name="Proposal_Submission" duration-ms="3631" started-at="2020-02-08T06:11:29Z" description="Testing Policy Quote API" data-provider="DataProvider" finished-at="2020-02-08T06:11:33Z">
          <params>
            <param index="0">
              <value>
                <![CDATA[Test]]>
              </value>
            </param>
            <param index="1">
              <value>
                <![CDATA[Demo]]>
              </value>
            </param>
            <param index="2">
              <value is-null="true"/>
            </param>
            <param index="3">
              <value>
                <![CDATA[7776666667]]>
              </value>
            </param>
            <param index="4">
              <value>
                <![CDATA[PAN]]>
              </value>
            </param>
            <param index="5">
              <value>
                <![CDATA[married]]>
              </value>
            </param>
            <param index="6">
              <value>
                <![CDATA[Indian]]>
              </value>
            </param>
            <param index="7">
              <value>
                <![CDATA[200000]]>
              </value>
            </param>
            <param index="8">
              <value>
                <![CDATA[service]]>
              </value>
            </param>
            <param index="9">
              <value>
                <![CDATA[Child]]>
              </value>
            </param>
            <param index="10">
              <value>
                <![CDATA[500000]]>
              </value>
            </param>
          </params>
          <reporter-output>
          </reporter-output>
        </test-method> <!-- Proposal_Submission -->
        <test-method status="PASS" signature="Proposal_Submission(java.lang.String, java.lang.String, java.lang.String, java.lang.String, java.lang.String, java.lang.String, java.lang.String, java.lang.String, java.lang.String, java.lang.String, java.lang.String)[pri:0, instance:com.qaprosoft.carina.demo.ProposalSubmissionTest@5e2a6991]" name="Proposal_Submission" duration-ms="4077" started-at="2020-02-08T06:11:30Z" description="Testing Policy Quote API" data-provider="DataProvider" finished-at="2020-02-08T06:11:34Z">
          <params>
            <param index="0">
              <value>
                <![CDATA[Test]]>
              </value>
            </param>
            <param index="1">
              <value>
                <![CDATA[Demo]]>
              </value>
            </param>
            <param index="2">
              <value is-null="true"/>
            </param>
            <param index="3">
              <value>
                <![CDATA[7776666667]]>
              </value>
            </param>
            <param index="4">
              <value>
                <![CDATA[PAN]]>
              </value>
            </param>
            <param index="5">
              <value>
                <![CDATA[married]]>
              </value>
            </param>
            <param index="6">
              <value>
                <![CDATA[Indian]]>
              </value>
            </param>
            <param index="7">
              <value>
                <![CDATA[200000]]>
              </value>
            </param>
            <param index="8">
              <value>
                <![CDATA[service]]>
              </value>
            </param>
            <param index="9">
              <value>
                <![CDATA[Child]]>
              </value>
            </param>
            <param index="10">
              <value>
                <![CDATA[500000]]>
              </value>
            </param>
          </params>
          <reporter-output>
          </reporter-output>
        </test-method> <!-- Proposal_Submission -->
        <test-method status="PASS" signature="Proposal_Submission(java.lang.String, java.lang.String, java.lang.String, java.lang.String, java.lang.String, java.lang.String, java.lang.String, java.lang.String, java.lang.String, java.lang.String, java.lang.String)[pri:0, instance:com.qaprosoft.carina.demo.ProposalSubmissionTest@5e2a6991]" name="Proposal_Submission" duration-ms="3909" started-at="2020-02-08T06:11:30Z" description="Testing Policy Quote API" data-provider="DataProvider" finished-at="2020-02-08T06:11:34Z">
          <params>
            <param index="0">
              <value>
                <![CDATA[Test]]>
              </value>
            </param>
            <param index="1">
              <value>
                <![CDATA[Demo]]>
              </value>
            </param>
            <param index="2">
              <value is-null="true"/>
            </param>
            <param index="3">
              <value>
                <![CDATA[7776666667]]>
              </value>
            </param>
            <param index="4">
              <value>
                <![CDATA[PAN]]>
              </value>
            </param>
            <param index="5">
              <value>
                <![CDATA[married]]>
              </value>
            </param>
            <param index="6">
              <value>
                <![CDATA[Indian]]>
              </value>
            </param>
            <param index="7">
              <value>
                <![CDATA[200000]]>
              </value>
            </param>
            <param index="8">
              <value>
                <![CDATA[service]]>
              </value>
            </param>
            <param index="9">
              <value>
                <![CDATA[Child]]>
              </value>
            </param>
            <param index="10">
              <value>
                <![CDATA[500000]]>
              </value>
            </param>
          </params>
          <reporter-output>
          </reporter-output>
        </test-method> <!-- Proposal_Submission -->
        <test-method status="PASS" signature="Proposal_Submission(java.lang.String, java.lang.String, java.lang.String, java.lang.String, java.lang.String, java.lang.String, java.lang.String, java.lang.String, java.lang.String, java.lang.String, java.lang.String)[pri:0, instance:com.qaprosoft.carina.demo.ProposalSubmissionTest@5e2a6991]" name="Proposal_Submission" duration-ms="2759" started-at="2020-02-08T06:11:31Z" description="Testing Policy Quote API" data-provider="DataProvider" finished-at="2020-02-08T06:11:33Z">
          <params>
            <param index="0">
              <value>
                <![CDATA[Test]]>
              </value>
            </param>
            <param index="1">
              <value>
                <![CDATA[Demo]]>
              </value>
            </param>
            <param index="2">
              <value is-null="true"/>
            </param>
            <param index="3">
              <value>
                <![CDATA[7776666667]]>
              </value>
            </param>
            <param index="4">
              <value>
                <![CDATA[PAN]]>
              </value>
            </param>
            <param index="5">
              <value>
                <![CDATA[married]]>
              </value>
            </param>
            <param index="6">
              <value>
                <![CDATA[Indian]]>
              </value>
            </param>
            <param index="7">
              <value>
                <![CDATA[200000]]>
              </value>
            </param>
            <param index="8">
              <value>
                <![CDATA[service]]>
              </value>
            </param>
            <param index="9">
              <value>
                <![CDATA[Child]]>
              </value>
            </param>
            <param index="10">
              <value>
                <![CDATA[500000]]>
              </value>
            </param>
          </params>
          <reporter-output>
          </reporter-output>
        </test-method> <!-- Proposal_Submission -->
        <test-method status="PASS" signature="Proposal_Submission(java.lang.String, java.lang.String, java.lang.String, java.lang.String, java.lang.String, java.lang.String, java.lang.String, java.lang.String, java.lang.String, java.lang.String, java.lang.String)[pri:0, instance:com.qaprosoft.carina.demo.ProposalSubmissionTest@5e2a6991]" name="Proposal_Submission" duration-ms="2908" started-at="2020-02-08T06:11:31Z" description="Testing Policy Quote API" data-provider="DataProvider" finished-at="2020-02-08T06:11:34Z">
          <params>
            <param index="0">
              <value>
                <![CDATA[Test]]>
              </value>
            </param>
            <param index="1">
              <value>
                <![CDATA[Demo]]>
              </value>
            </param>
            <param index="2">
              <value is-null="true"/>
            </param>
            <param index="3">
              <value>
                <![CDATA[7776666667]]>
              </value>
            </param>
            <param index="4">
              <value>
                <![CDATA[PAN]]>
              </value>
            </param>
            <param index="5">
              <value>
                <![CDATA[married]]>
              </value>
            </param>
            <param index="6">
              <value>
                <![CDATA[Indian]]>
              </value>
            </param>
            <param index="7">
              <value>
                <![CDATA[200000]]>
              </value>
            </param>
            <param index="8">
              <value>
                <![CDATA[service]]>
              </value>
            </param>
            <param index="9">
              <value>
                <![CDATA[Child]]>
              </value>
            </param>
            <param index="10">
              <value>
                <![CDATA[500000]]>
              </value>
            </param>
          </params>
          <reporter-output>
          </reporter-output>
        </test-method> <!-- Proposal_Submission -->
        <test-method status="PASS" signature="Proposal_Submission(java.lang.String, java.lang.String, java.lang.String, java.lang.String, java.lang.String, java.lang.String, java.lang.String, java.lang.String, java.lang.String, java.lang.String, java.lang.String)[pri:0, instance:com.qaprosoft.carina.demo.ProposalSubmissionTest@5e2a6991]" name="Proposal_Submission" duration-ms="2557" started-at="2020-02-08T06:11:31Z" description="Testing Policy Quote API" data-provider="DataProvider" finished-at="2020-02-08T06:11:34Z">
          <params>
            <param index="0">
              <value>
                <![CDATA[Test]]>
              </value>
            </param>
            <param index="1">
              <value>
                <![CDATA[Demo]]>
              </value>
            </param>
            <param index="2">
              <value is-null="true"/>
            </param>
            <param index="3">
              <value>
                <![CDATA[7776666667]]>
              </value>
            </param>
            <param index="4">
              <value>
                <![CDATA[PAN]]>
              </value>
            </param>
            <param index="5">
              <value>
                <![CDATA[married]]>
              </value>
            </param>
            <param index="6">
              <value>
                <![CDATA[Indian]]>
              </value>
            </param>
            <param index="7">
              <value>
                <![CDATA[200000]]>
              </value>
            </param>
            <param index="8">
              <value>
                <![CDATA[service]]>
              </value>
            </param>
            <param index="9">
              <value>
                <![CDATA[Child]]>
              </value>
            </param>
            <param index="10">
              <value>
                <![CDATA[500000]]>
              </value>
            </param>
          </params>
          <reporter-output>
          </reporter-output>
        </test-method> <!-- Proposal_Submission -->
        <test-method status="PASS" signature="Proposal_Submission(java.lang.String, java.lang.String, java.lang.String, java.lang.String, java.lang.String, java.lang.String, java.lang.String, java.lang.String, java.lang.String, java.lang.String, java.lang.String)[pri:0, instance:com.qaprosoft.carina.demo.ProposalSubmissionTest@5e2a6991]" name="Proposal_Submission" duration-ms="1113" started-at="2020-02-08T06:11:33Z" description="Testing Policy Quote API" data-provider="DataProvider" finished-at="2020-02-08T06:11:34Z">
          <params>
            <param index="0">
              <value>
                <![CDATA[Test]]>
              </value>
            </param>
            <param index="1">
              <value>
                <![CDATA[Demo]]>
              </value>
            </param>
            <param index="2">
              <value is-null="true"/>
            </param>
            <param index="3">
              <value>
                <![CDATA[7776666667]]>
              </value>
            </param>
            <param index="4">
              <value>
                <![CDATA[PAN]]>
              </value>
            </param>
            <param index="5">
              <value>
                <![CDATA[married]]>
              </value>
            </param>
            <param index="6">
              <value>
                <![CDATA[Indian]]>
              </value>
            </param>
            <param index="7">
              <value>
                <![CDATA[200000]]>
              </value>
            </param>
            <param index="8">
              <value>
                <![CDATA[service]]>
              </value>
            </param>
            <param index="9">
              <value>
                <![CDATA[Child]]>
              </value>
            </param>
            <param index="10">
              <value>
                <![CDATA[500000]]>
              </value>
            </param>
          </params>
          <reporter-output>
          </reporter-output>
        </test-method> <!-- Proposal_Submission -->
        <test-method status="PASS" signature="Proposal_Submission(java.lang.String, java.lang.String, java.lang.String, java.lang.String, java.lang.String, java.lang.String, java.lang.String, java.lang.String, java.lang.String, java.lang.String, java.lang.String)[pri:0, instance:com.qaprosoft.carina.demo.ProposalSubmissionTest@5e2a6991]" name="Proposal_Submission" duration-ms="772" started-at="2020-02-08T06:11:33Z" description="Testing Policy Quote API" data-provider="DataProvider" finished-at="2020-02-08T06:11:34Z">
          <params>
            <param index="0">
              <value>
                <![CDATA[Test]]>
              </value>
            </param>
            <param index="1">
              <value>
                <![CDATA[Demo]]>
              </value>
            </param>
            <param index="2">
              <value is-null="true"/>
            </param>
            <param index="3">
              <value>
                <![CDATA[7776666667]]>
              </value>
            </param>
            <param index="4">
              <value>
                <![CDATA[PAN]]>
              </value>
            </param>
            <param index="5">
              <value>
                <![CDATA[married]]>
              </value>
            </param>
            <param index="6">
              <value>
                <![CDATA[Indian]]>
              </value>
            </param>
            <param index="7">
              <value>
                <![CDATA[200000]]>
              </value>
            </param>
            <param index="8">
              <value>
                <![CDATA[service]]>
              </value>
            </param>
            <param index="9">
              <value>
                <![CDATA[Child]]>
              </value>
            </param>
            <param index="10">
              <value>
                <![CDATA[500000]]>
              </value>
            </param>
          </params>
          <reporter-output>
          </reporter-output>
        </test-method> <!-- Proposal_Submission -->
      </class> <!-- com.qaprosoft.carina.demo.ProposalSubmissionTest -->
    </test> <!-- E2E API Test -->
  </suite> <!-- End to End Carina API Test_Nikita -->
</testng-results>
